Using pre-set license
Built from '2022.3/staging' branch; Version is '2022.3.16f1 (d2c21f0ef2f1) revision 13812255'; Using compiler version '192829333'; Build Type 'Release'
OS: 'Windows 11  (10.0.22631) 64bit Core' Language: 'en' Physical Memory: 7530 MB
BatchMode: 1, IsHumanControllingUs: 0, StartBugReporterOnCrash: 0, Is64bit: 1, IsPro: 1

COMMAND LINE ARGUMENTS:
C:\Program Files\Unity\Hub\Editor\2022.3.16f1\Editor\Unity.exe
-adb2
-batchMode
-noUpm
-name
AssetImportWorker2
-projectPath
C:/Users/Noah/Documents/GitHub/nasaunity/My project (1)
-logFile
Logs/AssetImportWorker2.log
-srvPort
50122
Successfully changed project path to: C:/Users/Noah/Documents/GitHub/nasaunity/My project (1)
C:/Users/Noah/Documents/GitHub/nasaunity/My project (1)
[UnityMemory] Configuration Parameters - Can be set up in boot.config
    "memorysetup-bucket-allocator-granularity=16"
    "memorysetup-bucket-allocator-bucket-count=8"
    "memorysetup-bucket-allocator-block-size=33554432"
    "memorysetup-bucket-allocator-block-count=8"
    "memorysetup-main-allocator-block-size=16777216"
    "memorysetup-thread-allocator-block-size=16777216"
    "memorysetup-gfx-main-allocator-block-size=16777216"
    "memorysetup-gfx-thread-allocator-block-size=16777216"
    "memorysetup-cache-allocator-block-size=4194304"
    "memorysetup-typetree-allocator-block-size=2097152"
    "memorysetup-profiler-bucket-allocator-granularity=16"
    "memorysetup-profiler-bucket-allocator-bucket-count=8"
    "memorysetup-profiler-bucket-allocator-block-size=33554432"
    "memorysetup-profiler-bucket-allocator-block-count=8"
    "memorysetup-profiler-allocator-block-size=16777216"
    "memorysetup-profiler-editor-allocator-block-size=1048576"
    "memorysetup-temp-allocator-size-main=16777216"
    "memorysetup-job-temp-allocator-block-size=2097152"
    "memorysetup-job-temp-allocator-block-size-background=1048576"
    "memorysetup-job-temp-allocator-reduction-small-platforms=262144"
    "memorysetup-allocator-temp-initial-block-size-main=262144"
    "memorysetup-allocator-temp-initial-block-size-worker=262144"
    "memorysetup-temp-allocator-size-background-worker=32768"
    "memorysetup-temp-allocator-size-job-worker=262144"
    "memorysetup-temp-allocator-size-preload-manager=33554432"
    "memorysetup-temp-allocator-size-nav-mesh-worker=65536"
    "memorysetup-temp-allocator-size-audio-worker=65536"
    "memorysetup-temp-allocator-size-cloud-worker=32768"
    "memorysetup-temp-allocator-size-gi-baking-worker=262144"
    "memorysetup-temp-allocator-size-gfx=262144"
Player connection [1796] Host "[IP] 10.71.21.233 [Port] 0 [Flags] 2 [Guid] 3998065678 [EditorId] 3998065678 [Version] 1048832 [Id] WindowsEditor(7,Noahs-PC) [Debug] 1 [PackageName] WindowsEditor [ProjectName] Editor" joined multi-casting on [225.0.0.222:54997]...

Player connection [1796] Host "[IP] 10.71.21.233 [Port] 0 [Flags] 2 [Guid] 3998065678 [EditorId] 3998065678 [Version] 1048832 [Id] WindowsEditor(7,Noahs-PC) [Debug] 1 [PackageName] WindowsEditor [ProjectName] Editor" joined alternative multi-casting on [225.0.0.222:34997]...

[Physics::Module] Initialized MultithreadedJobDispatcher with 11 workers.
Refreshing native plugins compatible for Editor in 12.09 ms, found 3 plugins.
Preloading 0 native plugins for Editor in 0.00 ms.
Initialize engine version: 2022.3.16f1 (d2c21f0ef2f1)
[Subsystems] Discovering subsystems at path C:/Program Files/Unity/Hub/Editor/2022.3.16f1/Editor/Data/Resources/UnitySubsystems
[Subsystems] Discovering subsystems at path C:/Users/Noah/Documents/GitHub/nasaunity/My project (1)/Assets
GfxDevice: creating device client; threaded=0; jobified=0
Direct3D:
    Version:  Direct3D 11.0 [level 11.1]
    Renderer: AMD Radeon(TM) Graphics (ID=0x164c)
    Vendor:   ATI
    VRAM:     3765 MB
    Driver:   31.0.14051.5006
Initialize mono
Mono path[0] = 'C:/Program Files/Unity/Hub/Editor/2022.3.16f1/Editor/Data/Managed'
Mono path[1] = 'C:/Program Files/Unity/Hub/Editor/2022.3.16f1/Editor/Data/MonoBleedingEdge/lib/mono/unityjit-win32'
Mono config path = 'C:/Program Files/Unity/Hub/Editor/2022.3.16f1/Editor/Data/MonoBleedingEdge/etc'
Using monoOptions --debugger-agent=transport=dt_socket,embedding=1,server=y,suspend=n,address=127.0.0.1:56812
Begin MonoManager ReloadAssembly
Registering precompiled unity dll's ...
Register platform support module: C:/Program Files/Unity/Hub/Editor/2022.3.16f1/Editor/Data/PlaybackEngines/WebGLSupport/UnityEditor.WebGL.Extensions.dll
Register platform support module: C:/Program Files/Unity/Hub/Editor/2022.3.16f1/Editor/Data/PlaybackEngines/WindowsStandaloneSupport/UnityEditor.WindowsStandalone.Extensions.dll
Registered in 0.011332 seconds.
- Loaded All Assemblies, in  0.589 seconds
Native extension for WindowsStandalone target not found
Native extension for WebGL target not found
Mono: successfully reloaded assembly
- Finished resetting the current domain, in  0.372 seconds
Domain Reload Profiling: 958ms
	BeginReloadAssembly (193ms)
		ExecutionOrderSort (0ms)
		DisableScriptedObjects (0ms)
		BackupInstance (0ms)
		ReleaseScriptingObjects (0ms)
		CreateAndSetChildDomain (1ms)
	RebuildCommonClasses (56ms)
	RebuildNativeTypeToScriptingClass (22ms)
	initialDomainReloadingComplete (96ms)
	LoadAllAssembliesAndSetupDomain (220ms)
		LoadAssemblies (192ms)
		RebuildTransferFunctionScriptingTraits (0ms)
		AnalyzeDomain (215ms)
			TypeCache.Refresh (212ms)
				TypeCache.ScanAssembly (188ms)
			ScanForSourceGeneratedMonoScriptInfo (1ms)
			ResolveRequiredComponents (1ms)
	FinalizeReload (373ms)
		ReleaseScriptCaches (0ms)
		RebuildScriptCaches (0ms)
		SetupLoadedEditorAssemblies (291ms)
			LogAssemblyErrors (0ms)
			InitializePlatformSupportModulesInManaged (12ms)
			SetLoadedEditorAssemblies (7ms)
			RefreshPlugins (0ms)
			BeforeProcessingInitializeOnLoad (3ms)
			ProcessInitializeOnLoadAttributes (203ms)
			ProcessInitializeOnLoadMethodAttributes (65ms)
			AfterProcessingInitializeOnLoad (0ms)
			EditorAssembliesLoaded (0ms)
		ExecutionOrderSort2 (0ms)
		AwakeInstancesAfterBackupRestoration (0ms)
========================================================================
Worker process is ready to serve import requests
Begin MonoManager ReloadAssembly
- Loaded All Assemblies, in  1.361 seconds
Refreshing native plugins compatible for Editor in 16.51 ms, found 3 plugins.
Native extension for WindowsStandalone target not found
Native extension for WebGL target not found
Package Manager log level set to [2]
[Package Manager] Server::EnsureServerProcessIsRunning -- launch failed, reason: Unity was launched with the -noUpm command-line argument
[Package Manager] UpmClient::Send -- Unable to send message (not connected to UPM process).
[Package Manager] Cannot connect to Unity Package Manager local server
Mono: successfully reloaded assembly
- Finished resetting the current domain, in  1.054 seconds
Domain Reload Profiling: 2411ms
	BeginReloadAssembly (236ms)
		ExecutionOrderSort (0ms)
		DisableScriptedObjects (6ms)
		BackupInstance (0ms)
		ReleaseScriptingObjects (0ms)
		CreateAndSetChildDomain (29ms)
	RebuildCommonClasses (47ms)
	RebuildNativeTypeToScriptingClass (14ms)
	initialDomainReloadingComplete (58ms)
	LoadAllAssembliesAndSetupDomain (1001ms)
		LoadAssemblies (831ms)
		RebuildTransferFunctionScriptingTraits (0ms)
		AnalyzeDomain (324ms)
			TypeCache.Refresh (280ms)
				TypeCache.ScanAssembly (248ms)
			ScanForSourceGeneratedMonoScriptInfo (33ms)
			ResolveRequiredComponents (7ms)
	FinalizeReload (1055ms)
		ReleaseScriptCaches (0ms)
		RebuildScriptCaches (0ms)
		SetupLoadedEditorAssemblies (767ms)
			LogAssemblyErrors (0ms)
			InitializePlatformSupportModulesInManaged (9ms)
			SetLoadedEditorAssemblies (8ms)
			RefreshPlugins (0ms)
			BeforeProcessingInitializeOnLoad (108ms)
			ProcessInitializeOnLoadAttributes (606ms)
			ProcessInitializeOnLoadMethodAttributes (26ms)
			AfterProcessingInitializeOnLoad (10ms)
			EditorAssembliesLoaded (0ms)
		ExecutionOrderSort2 (0ms)
		AwakeInstancesAfterBackupRestoration (8ms)
Launched and connected shader compiler UnityShaderCompiler.exe after 0.10 seconds
Refreshing native plugins compatible for Editor in 8.38 ms, found 3 plugins.
Preloading 0 native plugins for Editor in 0.00 ms.
Unloading 3848 Unused Serialized files (Serialized files now loaded: 0)
Unloading 44 unused Assets / (98.4 KB). Loaded Objects now: 4311.
Memory consumption went from 147.1 MB to 147.0 MB.
Total: 11.516400 ms (FindLiveObjects: 1.066400 ms CreateObjectMapping: 0.320000 ms MarkObjects: 9.485100 ms  DeleteObjects: 0.641500 ms)

AssetImportParameters requested are different than current active one (requested -> active):
  custom:container-demuxer-ogg: 62fdf1f143b41e24485cea50d1cbac27 -> 
  custom:video-decoder-ogg-theora: a1e56fd34408186e4bbccfd4996cb3dc -> 
  custom:framework-win-MediaFoundation: 216162199b28c13a410421893ffa2e32 -> 
  custom:CustomObjectIndexerAttribute: 43b350a4d6e6d1791af0b5038c4bea17 -> 
  custom:container-demuxer-webm: 4f35f7cbe854078d1ac9338744f61a02 -> 
  custom:container-muxer-webm: aa71ff27fc2769a1b78a27578f13a17b -> 
  custom:video-decoder-webm-vp8: 9c59270c3fd7afecdb556c50c9e8de78 -> 
  custom:SearchIndexIgnoredProperties: e643bd26f0fe6173181afceb89e7c659 -> 
  custom:AudioImporter_EditorPlatform: d09bf68614088b80899f8185d706f6e7 -> 
  custom:video-encoder-webm-vp8: eb34c28f22e8b96e1ab97ce403110664 -> 
  custom:audio-decoder-ogg-vorbis: bf7c407c2cedff20999df2af8eb42d56 -> 
  custom:audio-encoder-webm-vorbis: bf7c407c2cedff20999df2af8eb42d56 -> 
========================================================================
Received Import Request.
  Time since last request: 800.355776 seconds.
  path: Assets/Lowpoly Nature & Village Pack/PreMade Materials/TreeWood.mat
  artifactKey: Guid(ea9b07f4ceb9f2c438bbf5858330e2d6) Importer(2089858483,0ecaa5967403d082aa24f35e1b516d23)
Start importing Assets/Lowpoly Nature & Village Pack/PreMade Materials/TreeWood.mat using Guid(ea9b07f4ceb9f2c438bbf5858330e2d6) Importer(2089858483,0ecaa5967403d082aa24f35e1b516d23) Generated GUIDs only implemented for interfaces!
 -> (artifact id: '3c8572afce80d57eeff3c4144fa0b635') in 0.176537 seconds
Number of updated asset objects reloaded before import = 0
Number of asset objects unloaded after import = 1
========================================================================
Received Import Request.
  Time since last request: 0.000060 seconds.
  path: Assets/Lowpoly Nature & Village Pack/3D Models/Terrain4.fbx
  artifactKey: Guid(00a8fa53082adb04db12d796260dcb32) Importer(2089858483,0ecaa5967403d082aa24f35e1b516d23)
Start importing Assets/Lowpoly Nature & Village Pack/3D Models/Terrain4.fbx using Guid(00a8fa53082adb04db12d796260dcb32) Importer(2089858483,0ecaa5967403d082aa24f35e1b516d23) Generated GUIDs only implemented for interfaces!
 -> (artifact id: 'e427ce540ac563a9c21f1e22d1fed07c') in 0.086445 seconds
Number of updated asset objects reloaded before import = 0
Number of asset objects unloaded after import = 8
========================================================================
Received Import Request.
  Time since last request: 0.000025 seconds.
  path: Assets/Lowpoly Nature & Village Pack/3D Models/TreeStump.fbx
  artifactKey: Guid(d4a77a36e28518841b3c931faff24a39) Importer(2089858483,0ecaa5967403d082aa24f35e1b516d23)
Start importing Assets/Lowpoly Nature & Village Pack/3D Models/TreeStump.fbx using Guid(d4a77a36e28518841b3c931faff24a39) Importer(2089858483,0ecaa5967403d082aa24f35e1b516d23) Generated GUIDs only implemented for interfaces!
 -> (artifact id: '1ebad74cfb477e47b3283f69849fc8c9') in 0.048627 seconds
Number of updated asset objects reloaded before import = 0
Number of asset objects unloaded after import = 8
========================================================================
Received Import Request.
  Time since last request: 0.000070 seconds.
  path: Assets/Lowpoly Nature & Village Pack/3D Models/GrassPatchSmall.fbx
  artifactKey: Guid(a5f3ebcdd0d835c40a9709e4a34d3706) Importer(2089858483,0ecaa5967403d082aa24f35e1b516d23)
Start importing Assets/Lowpoly Nature & Village Pack/3D Models/GrassPatchSmall.fbx using Guid(a5f3ebcdd0d835c40a9709e4a34d3706) Importer(2089858483,0ecaa5967403d082aa24f35e1b516d23) Generated GUIDs only implemented for interfaces!
 -> (artifact id: '814558debdf404120d0578d5804b6cdc') in 0.044283 seconds
Number of updated asset objects reloaded before import = 0
Number of asset objects unloaded after import = 8
========================================================================
Received Import Request.
  Time since last request: 0.000043 seconds.
  path: Assets/Lowpoly Nature & Village Pack/PreMade Materials/Tree Colour2.mat
  artifactKey: Guid(646fd1fc6aa8a85428d3800d2d7fae2d) Importer(2089858483,0ecaa5967403d082aa24f35e1b516d23)
Start importing Assets/Lowpoly Nature & Village Pack/PreMade Materials/Tree Colour2.mat using Guid(646fd1fc6aa8a85428d3800d2d7fae2d) Importer(2089858483,0ecaa5967403d082aa24f35e1b516d23) Generated GUIDs only implemented for interfaces!
 -> (artifact id: 'eaa462d335c155e55fb7dff58347424a') in 0.033408 seconds
Number of updated asset objects reloaded before import = 0
Number of asset objects unloaded after import = 1
========================================================================
Received Import Request.
  Time since last request: 0.000032 seconds.
  path: Assets/Lowpoly Nature & Village Pack/HowToSetup.txt
  artifactKey: Guid(9daa77054bca5a143ba20fb386ca5922) Importer(2089858483,0ecaa5967403d082aa24f35e1b516d23)
Start importing Assets/Lowpoly Nature & Village Pack/HowToSetup.txt using Guid(9daa77054bca5a143ba20fb386ca5922) Importer(2089858483,0ecaa5967403d082aa24f35e1b516d23) Generated GUIDs only implemented for interfaces!
 -> (artifact id: '8415b555ab366530705dc907831a6e3e') in 0.031576 seconds
Number of updated asset objects reloaded before import = 0
Number of asset objects unloaded after import = 1
========================================================================
Received Import Request.
  Time since last request: 0.000095 seconds.
  path: Assets/Lowpoly Nature & Village Pack/PreMade Materials/BuildingRoof.mat
  artifactKey: Guid(32fea8291906cab4ab74fc54d48311cf) Importer(2089858483,0ecaa5967403d082aa24f35e1b516d23)
Start importing Assets/Lowpoly Nature & Village Pack/PreMade Materials/BuildingRoof.mat using Guid(32fea8291906cab4ab74fc54d48311cf) Importer(2089858483,0ecaa5967403d082aa24f35e1b516d23) Generated GUIDs only implemented for interfaces!
 -> (artifact id: '5fb81da82a33cb529a6da88149d124ce') in 0.035122 seconds
Number of updated asset objects reloaded before import = 0
Number of asset objects unloaded after import = 1
========================================================================
Received Import Request.
  Time since last request: 0.000088 seconds.
  path: Assets/Lowpoly Nature & Village Pack/3D Models/CarrotFarm.fbx
  artifactKey: Guid(4deb2732e924f4e40a8e638d11ef2b32) Importer(2089858483,0ecaa5967403d082aa24f35e1b516d23)
Start importing Assets/Lowpoly Nature & Village Pack/3D Models/CarrotFarm.fbx using Guid(4deb2732e924f4e40a8e638d11ef2b32) Importer(2089858483,0ecaa5967403d082aa24f35e1b516d23) Generated GUIDs only implemented for interfaces!
 -> (artifact id: 'ee2d4f865de647edaac6f09ee773fed5') in 0.094074 seconds
Number of updated asset objects reloaded before import = 0
Number of asset objects unloaded after import = 110
========================================================================
Received Import Request.
  Time since last request: 0.000029 seconds.
  path: Assets/Lowpoly Nature & Village Pack/Prefabs/Fence.prefab
  artifactKey: Guid(a58c8bcd22bee1f4cb166841254a2ea4) Importer(2089858483,0ecaa5967403d082aa24f35e1b516d23)
Start importing Assets/Lowpoly Nature & Village Pack/Prefabs/Fence.prefab using Guid(a58c8bcd22bee1f4cb166841254a2ea4) Importer(2089858483,0ecaa5967403d082aa24f35e1b516d23) Generated GUIDs only implemented for interfaces!
 -> (artifact id: '09d9b1b9729d57acb408a25b475c04ff') in 0.039475 seconds
Number of updated asset objects reloaded before import = 0
Number of asset objects unloaded after import = 15
========================================================================
Received Import Request.
  Time since last request: 0.000032 seconds.
  path: Assets/Lowpoly Nature & Village Pack/PreMade Materials/Ground.mat
  artifactKey: Guid(cc6160ba2affc9c4a9d757ec9c192956) Importer(2089858483,0ecaa5967403d082aa24f35e1b516d23)
Start importing Assets/Lowpoly Nature & Village Pack/PreMade Materials/Ground.mat using Guid(cc6160ba2affc9c4a9d757ec9c192956) Importer(2089858483,0ecaa5967403d082aa24f35e1b516d23) Generated GUIDs only implemented for interfaces!
 -> (artifact id: '67ebe9acb812d03a479189c2fc255b04') in 0.030736 seconds
Number of updated asset objects reloaded before import = 0
Number of asset objects unloaded after import = 1
========================================================================
Received Import Request.
  Time since last request: 0.000035 seconds.
  path: Assets/Lowpoly Nature & Village Pack/3D Models/WaterPond.fbx
  artifactKey: Guid(0ed95230a63f642409bdfce06254cd39) Importer(2089858483,0ecaa5967403d082aa24f35e1b516d23)
Start importing Assets/Lowpoly Nature & Village Pack/3D Models/WaterPond.fbx using Guid(0ed95230a63f642409bdfce06254cd39) Importer(2089858483,0ecaa5967403d082aa24f35e1b516d23) Generated GUIDs only implemented for interfaces!
 -> (artifact id: 'c3808e35d2e98c2828f82fc42cd8e689') in 0.041516 seconds
Number of updated asset objects reloaded before import = 0
Number of asset objects unloaded after import = 15
========================================================================
Received Import Request.
  Time since last request: 0.000046 seconds.
  path: Assets/Lowpoly Nature & Village Pack/Prefabs/FallenTree.prefab
  artifactKey: Guid(46ae6b65058d5b841bd8686cc154ee0b) Importer(2089858483,0ecaa5967403d082aa24f35e1b516d23)
Start importing Assets/Lowpoly Nature & Village Pack/Prefabs/FallenTree.prefab using Guid(46ae6b65058d5b841bd8686cc154ee0b) Importer(2089858483,0ecaa5967403d082aa24f35e1b516d23) Generated GUIDs only implemented for interfaces!
 -> (artifact id: 'ed6329d68fad790a18b473aeb1797c92') in 0.053757 seconds
Number of updated asset objects reloaded before import = 0
Number of asset objects unloaded after import = 8
========================================================================
Received Import Request.
  Time since last request: 0.000027 seconds.
  path: Assets/Lowpoly Nature & Village Pack/Prefabs/GrassPatchSmall.prefab
  artifactKey: Guid(f1888b6d87b131e4fad214b3450d515f) Importer(2089858483,0ecaa5967403d082aa24f35e1b516d23)
Start importing Assets/Lowpoly Nature & Village Pack/Prefabs/GrassPatchSmall.prefab using Guid(f1888b6d87b131e4fad214b3450d515f) Importer(2089858483,0ecaa5967403d082aa24f35e1b516d23) Generated GUIDs only implemented for interfaces!
 -> (artifact id: '117b824843d56eb427eed8773144c07d') in 0.054943 seconds
Number of updated asset objects reloaded before import = 0
Number of asset objects unloaded after import = 8
========================================================================
Received Import Request.
  Time since last request: 0.000092 seconds.
  path: Assets/Lowpoly Nature & Village Pack/Prefabs/Tree2.prefab
  artifactKey: Guid(295d4fe610e3f6e458553690239006ce) Importer(2089858483,0ecaa5967403d082aa24f35e1b516d23)
Start importing Assets/Lowpoly Nature & Village Pack/Prefabs/Tree2.prefab using Guid(295d4fe610e3f6e458553690239006ce) Importer(2089858483,0ecaa5967403d082aa24f35e1b516d23) Generated GUIDs only implemented for interfaces!
 -> (artifact id: '45087f30cde79dc8e0fb993419709416') in 0.030543 seconds
Number of updated asset objects reloaded before import = 0
Number of asset objects unloaded after import = 15
========================================================================
Received Import Request.
  Time since last request: 0.000053 seconds.
  path: Assets/Lowpoly Nature & Village Pack/3D Models/Tree2.fbx
  artifactKey: Guid(bfcbac49ea9674947a210e69a7084d29) Importer(2089858483,0ecaa5967403d082aa24f35e1b516d23)
Start importing Assets/Lowpoly Nature & Village Pack/3D Models/Tree2.fbx using Guid(bfcbac49ea9674947a210e69a7084d29) Importer(2089858483,0ecaa5967403d082aa24f35e1b516d23) Generated GUIDs only implemented for interfaces!
 -> (artifact id: 'fbad374a59f81832727434f2e31a4558') in 0.056251 seconds
Number of updated asset objects reloaded before import = 0
Number of asset objects unloaded after import = 16
========================================================================
Received Import Request.
  Time since last request: 0.000029 seconds.
  path: Assets/Lowpoly Nature & Village Pack/3D Models/Tree3.fbx
  artifactKey: Guid(2b96daa4395f39b42a1afba1552216fc) Importer(2089858483,0ecaa5967403d082aa24f35e1b516d23)
Start importing Assets/Lowpoly Nature & Village Pack/3D Models/Tree3.fbx using Guid(2b96daa4395f39b42a1afba1552216fc) Importer(2089858483,0ecaa5967403d082aa24f35e1b516d23) Generated GUIDs only implemented for interfaces!
 -> (artifact id: 'cf91c790a28b8354fee07f7a32c6de64') in 0.062888 seconds
Number of updated asset objects reloaded before import = 0
Number of asset objects unloaded after import = 16
========================================================================
Received Import Request.
  Time since last request: 0.000120 seconds.
  path: Assets/Lowpoly Nature & Village Pack/PreMade Materials/flower pedals.mat
  artifactKey: Guid(1a2f5128edcd60d4ba6dc8b7bf859bca) Importer(2089858483,0ecaa5967403d082aa24f35e1b516d23)
Start importing Assets/Lowpoly Nature & Village Pack/PreMade Materials/flower pedals.mat using Guid(1a2f5128edcd60d4ba6dc8b7bf859bca) Importer(2089858483,0ecaa5967403d082aa24f35e1b516d23) Generated GUIDs only implemented for interfaces!
 -> (artifact id: 'd23743b070fb9db09c2620fd6389dee1') in 0.027071 seconds
Number of updated asset objects reloaded before import = 0
Number of asset objects unloaded after import = 1
========================================================================
Received Import Request.
  Time since last request: 0.000036 seconds.
  path: Assets/Lowpoly Nature & Village Pack/Prefabs/PotatoFarm.prefab
  artifactKey: Guid(8fa15d18c856a6744a8f1c9ea5719c8c) Importer(2089858483,0ecaa5967403d082aa24f35e1b516d23)
Start importing Assets/Lowpoly Nature & Village Pack/Prefabs/PotatoFarm.prefab using Guid(8fa15d18c856a6744a8f1c9ea5719c8c) Importer(2089858483,0ecaa5967403d082aa24f35e1b516d23) Generated GUIDs only implemented for interfaces!
 -> (artifact id: 'ff01d7ed215d817c7ce116bb1443e310') in 0.063665 seconds
Number of updated asset objects reloaded before import = 0
Number of asset objects unloaded after import = 180
========================================================================
Received Import Request.
  Time since last request: 0.000083 seconds.
  path: Assets/Lowpoly Nature & Village Pack/Prefabs/Terrain1.prefab
  artifactKey: Guid(16bcab8970f33844198232193dab5c0f) Importer(2089858483,0ecaa5967403d082aa24f35e1b516d23)
Start importing Assets/Lowpoly Nature & Village Pack/Prefabs/Terrain1.prefab using Guid(16bcab8970f33844198232193dab5c0f) Importer(2089858483,0ecaa5967403d082aa24f35e1b516d23) Generated GUIDs only implemented for interfaces!
 -> (artifact id: '094e08acfd1f9246346d2baf51d68861') in 0.050454 seconds
Number of updated asset objects reloaded before import = 0
Number of asset objects unloaded after import = 15
========================================================================
Received Import Request.
  Time since last request: 0.000076 seconds.
  path: Assets/Lowpoly Nature & Village Pack/Prefabs/Tree5.prefab
  artifactKey: Guid(87db960e0d32bd8469c9342504c75ea9) Importer(2089858483,0ecaa5967403d082aa24f35e1b516d23)
Start importing Assets/Lowpoly Nature & Village Pack/Prefabs/Tree5.prefab using Guid(87db960e0d32bd8469c9342504c75ea9) Importer(2089858483,0ecaa5967403d082aa24f35e1b516d23) Generated GUIDs only implemented for interfaces!
 -> (artifact id: 'f53ee7587af370dc78937956f576087b') in 0.041866 seconds
Number of updated asset objects reloaded before import = 0
Number of asset objects unloaded after import = 15
========================================================================
Received Import Request.
  Time since last request: 0.000069 seconds.
  path: Assets/Lowpoly Nature & Village Pack/Prefabs/House2.prefab
  artifactKey: Guid(08b4dda652360224a89d540c7f13c3d7) Importer(2089858483,0ecaa5967403d082aa24f35e1b516d23)
Start importing Assets/Lowpoly Nature & Village Pack/Prefabs/House2.prefab using Guid(08b4dda652360224a89d540c7f13c3d7) Importer(2089858483,0ecaa5967403d082aa24f35e1b516d23) Generated GUIDs only implemented for interfaces!
 -> (artifact id: 'a7f0c334d1efe8c14d74d25457d306c7') in 0.047183 seconds
Number of updated asset objects reloaded before import = 0
Number of asset objects unloaded after import = 45
========================================================================
Received Import Request.
  Time since last request: 0.000071 seconds.
  path: Assets/Lowpoly Nature & Village Pack/PreMade Materials/BuildingWindow.mat
  artifactKey: Guid(ef6045663ed3a5a48b2a4e3a899212e3) Importer(2089858483,0ecaa5967403d082aa24f35e1b516d23)
Start importing Assets/Lowpoly Nature & Village Pack/PreMade Materials/BuildingWindow.mat using Guid(ef6045663ed3a5a48b2a4e3a899212e3) Importer(2089858483,0ecaa5967403d082aa24f35e1b516d23) Generated GUIDs only implemented for interfaces!
 -> (artifact id: '6713c1c375951e8b26c7d1bd260cc699') in 0.022899 seconds
Number of updated asset objects reloaded before import = 0
Number of asset objects unloaded after import = 1
========================================================================
Received Import Request.
  Time since last request: 0.000053 seconds.
  path: Assets/Lowpoly Nature & Village Pack/Prefabs/Terrain5.prefab
  artifactKey: Guid(f5fb71bc477c60e49a215017aa51631d) Importer(2089858483,0ecaa5967403d082aa24f35e1b516d23)
Start importing Assets/Lowpoly Nature & Village Pack/Prefabs/Terrain5.prefab using Guid(f5fb71bc477c60e49a215017aa51631d) Importer(2089858483,0ecaa5967403d082aa24f35e1b516d23) Generated GUIDs only implemented for interfaces!
 -> (artifact id: 'a485f3e4bc2da012cdd185abad68a163') in 0.054886 seconds
Number of updated asset objects reloaded before import = 0
Number of asset objects unloaded after import = 8
========================================================================
Received Import Request.
  Time since last request: 0.000040 seconds.
  path: Assets/Lowpoly Nature & Village Pack/3D Models/Rock1.fbx
  artifactKey: Guid(65ec28bceaffb60499f82451ad94bdf7) Importer(2089858483,0ecaa5967403d082aa24f35e1b516d23)
Start importing Assets/Lowpoly Nature & Village Pack/3D Models/Rock1.fbx using Guid(65ec28bceaffb60499f82451ad94bdf7) Importer(2089858483,0ecaa5967403d082aa24f35e1b516d23) Generated GUIDs only implemented for interfaces!
 -> (artifact id: 'feaef5a6e9477802a8c482c39a9298d4') in 0.042814 seconds
Number of updated asset objects reloaded before import = 0
Number of asset objects unloaded after import = 8
========================================================================
Received Import Request.
  Time since last request: 0.000038 seconds.
  path: Assets/Lowpoly Nature & Village Pack/3D Models/Tree5.fbx
  artifactKey: Guid(a4fb1c13c6a48c746a1281511bdfc99f) Importer(2089858483,0ecaa5967403d082aa24f35e1b516d23)
Start importing Assets/Lowpoly Nature & Village Pack/3D Models/Tree5.fbx using Guid(a4fb1c13c6a48c746a1281511bdfc99f) Importer(2089858483,0ecaa5967403d082aa24f35e1b516d23) Generated GUIDs only implemented for interfaces!
 -> (artifact id: 'da0cf4ca89d96627a0c16964f8201085') in 0.045191 seconds
Number of updated asset objects reloaded before import = 0
Number of asset objects unloaded after import = 16
========================================================================
Received Import Request.
  Time since last request: 0.000032 seconds.
  path: Assets/Lowpoly Nature & Village Pack/PreMade Materials/Dirt.mat
  artifactKey: Guid(e8275af2bf960684abfa3fcbbeeb2351) Importer(2089858483,0ecaa5967403d082aa24f35e1b516d23)
Start importing Assets/Lowpoly Nature & Village Pack/PreMade Materials/Dirt.mat using Guid(e8275af2bf960684abfa3fcbbeeb2351) Importer(2089858483,0ecaa5967403d082aa24f35e1b516d23) Generated GUIDs only implemented for interfaces!
 -> (artifact id: '28b002c921846921ac6132da9a878c00') in 0.030528 seconds
Number of updated asset objects reloaded before import = 0
Number of asset objects unloaded after import = 1
========================================================================
Received Import Request.
  Time since last request: 0.000184 seconds.
  path: Assets/Lowpoly Nature & Village Pack/Prefabs/Rock2 (10).prefab
  artifactKey: Guid(5a7631254e53461409d2bb41bf96d692) Importer(2089858483,0ecaa5967403d082aa24f35e1b516d23)
Start importing Assets/Lowpoly Nature & Village Pack/Prefabs/Rock2 (10).prefab using Guid(5a7631254e53461409d2bb41bf96d692) Importer(2089858483,0ecaa5967403d082aa24f35e1b516d23) Generated GUIDs only implemented for interfaces!
 -> (artifact id: '16c92c903fda9277003abc171d4e893a') in 0.039705 seconds
Number of updated asset objects reloaded before import = 0
Number of asset objects unloaded after import = 8
========================================================================
Received Import Request.
  Time since last request: 0.000042 seconds.
  path: Assets/Lowpoly Nature & Village Pack/3D Models/Terrain6.fbx
  artifactKey: Guid(2a07ef969243aa447aa188d9b89f8387) Importer(2089858483,0ecaa5967403d082aa24f35e1b516d23)
Start importing Assets/Lowpoly Nature & Village Pack/3D Models/Terrain6.fbx using Guid(2a07ef969243aa447aa188d9b89f8387) Importer(2089858483,0ecaa5967403d082aa24f35e1b516d23) Generated GUIDs only implemented for interfaces!
 -> (artifact id: 'c6b6439c67ba7f897da0405561328eca') in 0.047371 seconds
Number of updated asset objects reloaded before import = 0
Number of asset objects unloaded after import = 8
========================================================================
Received Import Request.
  Time since last request: 0.000089 seconds.
  path: Assets/Lowpoly Nature & Village Pack/PreMade Materials/Rocks.mat
  artifactKey: Guid(090e8c49b44eccc48adac4e1f4a8e81a) Importer(2089858483,0ecaa5967403d082aa24f35e1b516d23)
Start importing Assets/Lowpoly Nature & Village Pack/PreMade Materials/Rocks.mat using Guid(090e8c49b44eccc48adac4e1f4a8e81a) Importer(2089858483,0ecaa5967403d082aa24f35e1b516d23) Generated GUIDs only implemented for interfaces!
 -> (artifact id: 'bef3f180dd2987df8905c4cb6d1d9727') in 0.022019 seconds
Number of updated asset objects reloaded before import = 0
Number of asset objects unloaded after import = 1
========================================================================
Received Prepare
Refreshing native plugins compatible for Editor in 5.68 ms, found 3 plugins.
Preloading 0 native plugins for Editor in 0.00 ms.
Unloading 1 Unused Serialized files (Serialized files now loaded: 0)
Unloading 2 unused Assets / (41.9 KB). Loaded Objects now: 4311.
Memory consumption went from 81.9 MB to 81.9 MB.
Total: 6.708400 ms (FindLiveObjects: 0.775300 ms CreateObjectMapping: 0.257100 ms MarkObjects: 5.512900 ms  DeleteObjects: 0.160800 ms)

Prepare: number of updated asset objects reloaded= 0
AssetImportParameters requested are different than current active one (requested -> active):
  custom:container-demuxer-ogg: 62fdf1f143b41e24485cea50d1cbac27 -> 
  custom:video-decoder-ogg-theora: a1e56fd34408186e4bbccfd4996cb3dc -> 
  custom:framework-win-MediaFoundation: 216162199b28c13a410421893ffa2e32 -> 
  custom:CustomObjectIndexerAttribute: 43b350a4d6e6d1791af0b5038c4bea17 -> 
  custom:container-demuxer-webm: 4f35f7cbe854078d1ac9338744f61a02 -> 
  custom:container-muxer-webm: aa71ff27fc2769a1b78a27578f13a17b -> 
  custom:video-decoder-webm-vp8: 9c59270c3fd7afecdb556c50c9e8de78 -> 
  custom:SearchIndexIgnoredProperties: e643bd26f0fe6173181afceb89e7c659 -> 
  custom:AudioImporter_EditorPlatform: d09bf68614088b80899f8185d706f6e7 -> 
  custom:video-encoder-webm-vp8: eb34c28f22e8b96e1ab97ce403110664 -> 
  custom:audio-decoder-ogg-vorbis: bf7c407c2cedff20999df2af8eb42d56 -> 
  custom:audio-encoder-webm-vorbis: bf7c407c2cedff20999df2af8eb42d56 -> 
========================================================================
Received Prepare
Refreshing native plugins compatible for Editor in 4.31 ms, found 3 plugins.
Preloading 0 native plugins for Editor in 0.00 ms.
Unloading 2 Unused Serialized files (Serialized files now loaded: 0)
Unloading 2 unused Assets / (44.1 KB). Loaded Objects now: 4311.
Memory consumption went from 82.2 MB to 82.1 MB.
Total: 6.751600 ms (FindLiveObjects: 0.551300 ms CreateObjectMapping: 0.234200 ms MarkObjects: 5.508300 ms  DeleteObjects: 0.454700 ms)

Prepare: number of updated asset objects reloaded= 0
AssetImportParameters requested are different than current active one (requested -> active):
  custom:container-demuxer-ogg: 62fdf1f143b41e24485cea50d1cbac27 -> 
  custom:video-decoder-ogg-theora: a1e56fd34408186e4bbccfd4996cb3dc -> 
  custom:framework-win-MediaFoundation: 216162199b28c13a410421893ffa2e32 -> 
  custom:CustomObjectIndexerAttribute: 43b350a4d6e6d1791af0b5038c4bea17 -> 
  custom:container-demuxer-webm: 4f35f7cbe854078d1ac9338744f61a02 -> 
  custom:container-muxer-webm: aa71ff27fc2769a1b78a27578f13a17b -> 
  custom:video-decoder-webm-vp8: 9c59270c3fd7afecdb556c50c9e8de78 -> 
  custom:SearchIndexIgnoredProperties: e643bd26f0fe6173181afceb89e7c659 -> 
  custom:AudioImporter_EditorPlatform: d09bf68614088b80899f8185d706f6e7 -> 
  custom:video-encoder-webm-vp8: eb34c28f22e8b96e1ab97ce403110664 -> 
  custom:audio-decoder-ogg-vorbis: bf7c407c2cedff20999df2af8eb42d56 -> 
  custom:audio-encoder-webm-vorbis: bf7c407c2cedff20999df2af8eb42d56 -> 
========================================================================
Received Prepare
Begin MonoManager ReloadAssembly
- Loaded All Assemblies, in  1.139 seconds
Refreshing native plugins compatible for Editor in 5.30 ms, found 3 plugins.
Native extension for WindowsStandalone target not found
Native extension for WebGL target not found
[Package Manager] Server::EnsureServerProcessIsRunning -- launch failed, reason: Unity was launched with the -noUpm command-line argument
[Package Manager] UpmClient::Send -- Unable to send message (not connected to UPM process).
[Package Manager] Cannot connect to Unity Package Manager local server
Mono: successfully reloaded assembly
- Finished resetting the current domain, in  2.687 seconds
Domain Reload Profiling: 3821ms
	BeginReloadAssembly (406ms)
		ExecutionOrderSort (0ms)
		DisableScriptedObjects (5ms)
		BackupInstance (0ms)
		ReleaseScriptingObjects (0ms)
		CreateAndSetChildDomain (73ms)
	RebuildCommonClasses (69ms)
	RebuildNativeTypeToScriptingClass (22ms)
	initialDomainReloadingComplete (86ms)
	LoadAllAssembliesAndSetupDomain (551ms)
		LoadAssemblies (669ms)
		RebuildTransferFunctionScriptingTraits (0ms)
		AnalyzeDomain (155ms)
			TypeCache.Refresh (124ms)
				TypeCache.ScanAssembly (110ms)
			ScanForSourceGeneratedMonoScriptInfo (23ms)
			ResolveRequiredComponents (6ms)
	FinalizeReload (2688ms)
		ReleaseScriptCaches (0ms)
		RebuildScriptCaches (0ms)
		SetupLoadedEditorAssemblies (819ms)
			LogAssemblyErrors (0ms)
			InitializePlatformSupportModulesInManaged (11ms)
			SetLoadedEditorAssemblies (8ms)
			RefreshPlugins (0ms)
			BeforeProcessingInitializeOnLoad (106ms)
			ProcessInitializeOnLoadAttributes (646ms)
			ProcessInitializeOnLoadMethodAttributes (33ms)
			AfterProcessingInitializeOnLoad (14ms)
			EditorAssembliesLoaded (0ms)
		ExecutionOrderSort2 (0ms)
		AwakeInstancesAfterBackupRestoration (12ms)
Refreshing native plugins compatible for Editor in 6.43 ms, found 3 plugins.
Preloading 0 native plugins for Editor in 0.00 ms.
Unloading 3822 Unused Serialized files (Serialized files now loaded: 0)
Unloading 26 unused Assets / (78.5 KB). Loaded Objects now: 4314.
Memory consumption went from 143.3 MB to 143.2 MB.
Total: 5.138800 ms (FindLiveObjects: 0.475100 ms CreateObjectMapping: 0.146500 ms MarkObjects: 4.323300 ms  DeleteObjects: 0.192200 ms)

Prepare: number of updated asset objects reloaded= 0
AssetImportParameters requested are different than current active one (requested -> active):
  custom:container-demuxer-ogg: 62fdf1f143b41e24485cea50d1cbac27 -> 
  custom:video-decoder-ogg-theora: a1e56fd34408186e4bbccfd4996cb3dc -> 
  custom:framework-win-MediaFoundation: 216162199b28c13a410421893ffa2e32 -> 
  custom:CustomObjectIndexerAttribute: 43b350a4d6e6d1791af0b5038c4bea17 -> 
  custom:container-demuxer-webm: 4f35f7cbe854078d1ac9338744f61a02 -> 
  custom:container-muxer-webm: aa71ff27fc2769a1b78a27578f13a17b -> 
  custom:video-decoder-webm-vp8: 9c59270c3fd7afecdb556c50c9e8de78 -> 
  custom:SearchIndexIgnoredProperties: e643bd26f0fe6173181afceb89e7c659 -> 
  custom:AudioImporter_EditorPlatform: d09bf68614088b80899f8185d706f6e7 -> 
  custom:video-encoder-webm-vp8: eb34c28f22e8b96e1ab97ce403110664 -> 
  custom:audio-decoder-ogg-vorbis: bf7c407c2cedff20999df2af8eb42d56 -> 
  custom:audio-encoder-webm-vorbis: bf7c407c2cedff20999df2af8eb42d56 -> 
========================================================================
Received Prepare
Refreshing native plugins compatible for Editor in 4.88 ms, found 3 plugins.
Preloading 0 native plugins for Editor in 0.00 ms.
Unloading 2 Unused Serialized files (Serialized files now loaded: 0)
Unloading 2 unused Assets / (44.2 KB). Loaded Objects now: 4314.
Memory consumption went from 84.3 MB to 84.2 MB.
Total: 6.562000 ms (FindLiveObjects: 0.723100 ms CreateObjectMapping: 0.361400 ms MarkObjects: 5.257900 ms  DeleteObjects: 0.216900 ms)

Prepare: number of updated asset objects reloaded= 0
AssetImportParameters requested are different than current active one (requested -> active):
  custom:container-demuxer-ogg: 62fdf1f143b41e24485cea50d1cbac27 -> 
  custom:video-decoder-ogg-theora: a1e56fd34408186e4bbccfd4996cb3dc -> 
  custom:framework-win-MediaFoundation: 216162199b28c13a410421893ffa2e32 -> 
  custom:CustomObjectIndexerAttribute: 43b350a4d6e6d1791af0b5038c4bea17 -> 
  custom:container-demuxer-webm: 4f35f7cbe854078d1ac9338744f61a02 -> 
  custom:container-muxer-webm: aa71ff27fc2769a1b78a27578f13a17b -> 
  custom:video-decoder-webm-vp8: 9c59270c3fd7afecdb556c50c9e8de78 -> 
  custom:SearchIndexIgnoredProperties: e643bd26f0fe6173181afceb89e7c659 -> 
  custom:AudioImporter_EditorPlatform: d09bf68614088b80899f8185d706f6e7 -> 
  custom:video-encoder-webm-vp8: eb34c28f22e8b96e1ab97ce403110664 -> 
  custom:audio-decoder-ogg-vorbis: bf7c407c2cedff20999df2af8eb42d56 -> 
  custom:audio-encoder-webm-vorbis: bf7c407c2cedff20999df2af8eb42d56 -> 
