Using pre-set license
Built from '2022.3/staging' branch; Version is '2022.3.16f1 (d2c21f0ef2f1) revision 13812255'; Using compiler version '192829333'; Build Type 'Release'
OS: 'Windows 11  (10.0.22631) 64bit Core' Language: 'en' Physical Memory: 7530 MB
BatchMode: 1, IsHumanControllingUs: 0, StartBugReporterOnCrash: 0, Is64bit: 1, IsPro: 1

COMMAND LINE ARGUMENTS:
C:\Program Files\Unity\Hub\Editor\2022.3.16f1\Editor\Unity.exe
-adb2
-batchMode
-noUpm
-name
AssetImportWorker0
-projectPath
C:/Users/Noah/Documents/GitHub/nasaunity/My project (1)
-logFile
Logs/AssetImportWorker0.log
-srvPort
50122
Successfully changed project path to: C:/Users/Noah/Documents/GitHub/nasaunity/My project (1)
C:/Users/Noah/Documents/GitHub/nasaunity/My project (1)
[UnityMemory] Configuration Parameters - Can be set up in boot.config
    "memorysetup-bucket-allocator-granularity=16"
    "memorysetup-bucket-allocator-bucket-count=8"
    "memorysetup-bucket-allocator-block-size=33554432"
    "memorysetup-bucket-allocator-block-count=8"
    "memorysetup-main-allocator-block-size=16777216"
    "memorysetup-thread-allocator-block-size=16777216"
    "memorysetup-gfx-main-allocator-block-size=16777216"
    "memorysetup-gfx-thread-allocator-block-size=16777216"
    "memorysetup-cache-allocator-block-size=4194304"
    "memorysetup-typetree-allocator-block-size=2097152"
    "memorysetup-profiler-bucket-allocator-granularity=16"
    "memorysetup-profiler-bucket-allocator-bucket-count=8"
    "memorysetup-profiler-bucket-allocator-block-size=33554432"
    "memorysetup-profiler-bucket-allocator-block-count=8"
    "memorysetup-profiler-allocator-block-size=16777216"
    "memorysetup-profiler-editor-allocator-block-size=1048576"
    "memorysetup-temp-allocator-size-main=16777216"
    "memorysetup-job-temp-allocator-block-size=2097152"
    "memorysetup-job-temp-allocator-block-size-background=1048576"
    "memorysetup-job-temp-allocator-reduction-small-platforms=262144"
    "memorysetup-allocator-temp-initial-block-size-main=262144"
    "memorysetup-allocator-temp-initial-block-size-worker=262144"
    "memorysetup-temp-allocator-size-background-worker=32768"
    "memorysetup-temp-allocator-size-job-worker=262144"
    "memorysetup-temp-allocator-size-preload-manager=33554432"
    "memorysetup-temp-allocator-size-nav-mesh-worker=65536"
    "memorysetup-temp-allocator-size-audio-worker=65536"
    "memorysetup-temp-allocator-size-cloud-worker=32768"
    "memorysetup-temp-allocator-size-gi-baking-worker=262144"
    "memorysetup-temp-allocator-size-gfx=262144"
Player connection [13732] Host "[IP] 10.71.21.233 [Port] 0 [Flags] 2 [Guid] 758769843 [EditorId] 758769843 [Version] 1048832 [Id] WindowsEditor(7,Noahs-PC) [Debug] 1 [PackageName] WindowsEditor [ProjectName] Editor" joined multi-casting on [225.0.0.222:54997]...

Player connection [13732] Host "[IP] 10.71.21.233 [Port] 0 [Flags] 2 [Guid] 758769843 [EditorId] 758769843 [Version] 1048832 [Id] WindowsEditor(7,Noahs-PC) [Debug] 1 [PackageName] WindowsEditor [ProjectName] Editor" joined alternative multi-casting on [225.0.0.222:34997]...

[Physics::Module] Initialized MultithreadedJobDispatcher with 11 workers.
Refreshing native plugins compatible for Editor in 12.43 ms, found 3 plugins.
Preloading 0 native plugins for Editor in 0.00 ms.
Initialize engine version: 2022.3.16f1 (d2c21f0ef2f1)
[Subsystems] Discovering subsystems at path C:/Program Files/Unity/Hub/Editor/2022.3.16f1/Editor/Data/Resources/UnitySubsystems
[Subsystems] Discovering subsystems at path C:/Users/Noah/Documents/GitHub/nasaunity/My project (1)/Assets
GfxDevice: creating device client; threaded=0; jobified=0
Direct3D:
    Version:  Direct3D 11.0 [level 11.1]
    Renderer: AMD Radeon(TM) Graphics (ID=0x164c)
    Vendor:   ATI
    VRAM:     3765 MB
    Driver:   31.0.14051.5006
Initialize mono
Mono path[0] = 'C:/Program Files/Unity/Hub/Editor/2022.3.16f1/Editor/Data/Managed'
Mono path[1] = 'C:/Program Files/Unity/Hub/Editor/2022.3.16f1/Editor/Data/MonoBleedingEdge/lib/mono/unityjit-win32'
Mono config path = 'C:/Program Files/Unity/Hub/Editor/2022.3.16f1/Editor/Data/MonoBleedingEdge/etc'
Using monoOptions --debugger-agent=transport=dt_socket,embedding=1,server=y,suspend=n,address=127.0.0.1:56636
Begin MonoManager ReloadAssembly
Registering precompiled unity dll's ...
Register platform support module: C:/Program Files/Unity/Hub/Editor/2022.3.16f1/Editor/Data/PlaybackEngines/WebGLSupport/UnityEditor.WebGL.Extensions.dll
Register platform support module: C:/Program Files/Unity/Hub/Editor/2022.3.16f1/Editor/Data/PlaybackEngines/WindowsStandaloneSupport/UnityEditor.WindowsStandalone.Extensions.dll
Registered in 0.011746 seconds.
- Loaded All Assemblies, in  0.604 seconds
Native extension for WindowsStandalone target not found
Native extension for WebGL target not found
Mono: successfully reloaded assembly
- Finished resetting the current domain, in  0.365 seconds
Domain Reload Profiling: 967ms
	BeginReloadAssembly (200ms)
		ExecutionOrderSort (0ms)
		DisableScriptedObjects (0ms)
		BackupInstance (0ms)
		ReleaseScriptingObjects (0ms)
		CreateAndSetChildDomain (1ms)
	RebuildCommonClasses (60ms)
	RebuildNativeTypeToScriptingClass (20ms)
	initialDomainReloadingComplete (94ms)
	LoadAllAssembliesAndSetupDomain (228ms)
		LoadAssemblies (198ms)
		RebuildTransferFunctionScriptingTraits (0ms)
		AnalyzeDomain (225ms)
			TypeCache.Refresh (223ms)
				TypeCache.ScanAssembly (203ms)
			ScanForSourceGeneratedMonoScriptInfo (0ms)
			ResolveRequiredComponents (1ms)
	FinalizeReload (365ms)
		ReleaseScriptCaches (0ms)
		RebuildScriptCaches (0ms)
		SetupLoadedEditorAssemblies (285ms)
			LogAssemblyErrors (0ms)
			InitializePlatformSupportModulesInManaged (13ms)
			SetLoadedEditorAssemblies (7ms)
			RefreshPlugins (0ms)
			BeforeProcessingInitializeOnLoad (3ms)
			ProcessInitializeOnLoadAttributes (201ms)
			ProcessInitializeOnLoadMethodAttributes (61ms)
			AfterProcessingInitializeOnLoad (0ms)
			EditorAssembliesLoaded (0ms)
		ExecutionOrderSort2 (0ms)
		AwakeInstancesAfterBackupRestoration (0ms)
========================================================================
Worker process is ready to serve import requests
Begin MonoManager ReloadAssembly
- Loaded All Assemblies, in  1.366 seconds
Refreshing native plugins compatible for Editor in 9.17 ms, found 3 plugins.
Native extension for WindowsStandalone target not found
Native extension for WebGL target not found
Package Manager log level set to [2]
[Package Manager] Server::EnsureServerProcessIsRunning -- launch failed, reason: Unity was launched with the -noUpm command-line argument
[Package Manager] UpmClient::Send -- Unable to send message (not connected to UPM process).
[Package Manager] Cannot connect to Unity Package Manager local server
Mono: successfully reloaded assembly
- Finished resetting the current domain, in  1.046 seconds
Domain Reload Profiling: 2410ms
	BeginReloadAssembly (247ms)
		ExecutionOrderSort (0ms)
		DisableScriptedObjects (6ms)
		BackupInstance (0ms)
		ReleaseScriptingObjects (0ms)
		CreateAndSetChildDomain (40ms)
	RebuildCommonClasses (54ms)
	RebuildNativeTypeToScriptingClass (16ms)
	initialDomainReloadingComplete (56ms)
	LoadAllAssembliesAndSetupDomain (990ms)
		LoadAssemblies (810ms)
		RebuildTransferFunctionScriptingTraits (0ms)
		AnalyzeDomain (333ms)
			TypeCache.Refresh (299ms)
				TypeCache.ScanAssembly (267ms)
			ScanForSourceGeneratedMonoScriptInfo (25ms)
			ResolveRequiredComponents (6ms)
	FinalizeReload (1047ms)
		ReleaseScriptCaches (0ms)
		RebuildScriptCaches (0ms)
		SetupLoadedEditorAssemblies (765ms)
			LogAssemblyErrors (0ms)
			InitializePlatformSupportModulesInManaged (11ms)
			SetLoadedEditorAssemblies (7ms)
			RefreshPlugins (0ms)
			BeforeProcessingInitializeOnLoad (97ms)
			ProcessInitializeOnLoadAttributes (615ms)
			ProcessInitializeOnLoadMethodAttributes (26ms)
			AfterProcessingInitializeOnLoad (9ms)
			EditorAssembliesLoaded (0ms)
		ExecutionOrderSort2 (0ms)
		AwakeInstancesAfterBackupRestoration (8ms)
Launched and connected shader compiler UnityShaderCompiler.exe after 0.13 seconds
Refreshing native plugins compatible for Editor in 8.61 ms, found 3 plugins.
Preloading 0 native plugins for Editor in 0.00 ms.
Unloading 3848 Unused Serialized files (Serialized files now loaded: 0)
Unloading 44 unused Assets / (98.8 KB). Loaded Objects now: 4311.
Memory consumption went from 147.1 MB to 147.0 MB.
Total: 7.978300 ms (FindLiveObjects: 0.836100 ms CreateObjectMapping: 0.410500 ms MarkObjects: 6.260400 ms  DeleteObjects: 0.466900 ms)

AssetImportParameters requested are different than current active one (requested -> active):
  custom:container-demuxer-ogg: 62fdf1f143b41e24485cea50d1cbac27 -> 
  custom:video-decoder-ogg-theora: a1e56fd34408186e4bbccfd4996cb3dc -> 
  custom:framework-win-MediaFoundation: 216162199b28c13a410421893ffa2e32 -> 
  custom:CustomObjectIndexerAttribute: 43b350a4d6e6d1791af0b5038c4bea17 -> 
  custom:container-demuxer-webm: 4f35f7cbe854078d1ac9338744f61a02 -> 
  custom:container-muxer-webm: aa71ff27fc2769a1b78a27578f13a17b -> 
  custom:video-decoder-webm-vp8: 9c59270c3fd7afecdb556c50c9e8de78 -> 
  custom:SearchIndexIgnoredProperties: e643bd26f0fe6173181afceb89e7c659 -> 
  custom:AudioImporter_EditorPlatform: d09bf68614088b80899f8185d706f6e7 -> 
  custom:video-encoder-webm-vp8: eb34c28f22e8b96e1ab97ce403110664 -> 
  custom:audio-decoder-ogg-vorbis: bf7c407c2cedff20999df2af8eb42d56 -> 
  custom:audio-encoder-webm-vorbis: bf7c407c2cedff20999df2af8eb42d56 -> 
========================================================================
Received Import Request.
  Time since last request: 800.323166 seconds.
  path: Assets/Lowpoly Nature & Village Pack/Prefabs/House1.prefab
  artifactKey: Guid(aeae148372547c145be7c7e29bc7a758) Importer(2089858483,0ecaa5967403d082aa24f35e1b516d23)
Start importing Assets/Lowpoly Nature & Village Pack/Prefabs/House1.prefab using Guid(aeae148372547c145be7c7e29bc7a758) Importer(2089858483,0ecaa5967403d082aa24f35e1b516d23) Generated GUIDs only implemented for interfaces!
 -> (artifact id: '6c11cfd347acad97577c318f239201bb') in 0.165961 seconds
Number of updated asset objects reloaded before import = 0
Number of asset objects unloaded after import = 35
========================================================================
Received Import Request.
  Time since last request: 0.000098 seconds.
  path: Assets/Lowpoly Nature & Village Pack/Prefabs/Terrain6.prefab
  artifactKey: Guid(a7e706630f8089345b513f17257d4fda) Importer(2089858483,0ecaa5967403d082aa24f35e1b516d23)
Start importing Assets/Lowpoly Nature & Village Pack/Prefabs/Terrain6.prefab using Guid(a7e706630f8089345b513f17257d4fda) Importer(2089858483,0ecaa5967403d082aa24f35e1b516d23) Generated GUIDs only implemented for interfaces!
 -> (artifact id: '121d0fe296f7c2d853ee223b5d120258') in 0.060908 seconds
Number of updated asset objects reloaded before import = 0
Number of asset objects unloaded after import = 8
========================================================================
Received Import Request.
  Time since last request: 0.000025 seconds.
  path: Assets/Scripts/CarInput.cs
  artifactKey: Guid(34777bb7a5fcb584da2d98320002c15e) Importer(2089858483,0ecaa5967403d082aa24f35e1b516d23)
Start importing Assets/Scripts/CarInput.cs using Guid(34777bb7a5fcb584da2d98320002c15e) Importer(2089858483,0ecaa5967403d082aa24f35e1b516d23) Generated GUIDs only implemented for interfaces!
 -> (artifact id: '8f7eb245cbfca99eb52320152db1c6df') in 0.024952 seconds
Number of updated asset objects reloaded before import = 0
Number of asset objects unloaded after import = 1
========================================================================
Received Import Request.
  Time since last request: 0.000037 seconds.
  path: Assets/Lowpoly Nature & Village Pack/3D Models/House2.fbx
  artifactKey: Guid(e20c0eac7b21fc04d8ca779969787012) Importer(2089858483,0ecaa5967403d082aa24f35e1b516d23)
Start importing Assets/Lowpoly Nature & Village Pack/3D Models/House2.fbx using Guid(e20c0eac7b21fc04d8ca779969787012) Importer(2089858483,0ecaa5967403d082aa24f35e1b516d23) Generated GUIDs only implemented for interfaces!
 -> (artifact id: '381ddf2d954d13d95292e741a1d40f24') in 0.123538 seconds
Number of updated asset objects reloaded before import = 0
Number of asset objects unloaded after import = 45
========================================================================
Received Import Request.
  Time since last request: 0.000036 seconds.
  path: Assets/Lowpoly Nature & Village Pack/Prefabs/House3.prefab
  artifactKey: Guid(8fffe6581d8c61b438428d19f3ca3b3a) Importer(2089858483,0ecaa5967403d082aa24f35e1b516d23)
Start importing Assets/Lowpoly Nature & Village Pack/Prefabs/House3.prefab using Guid(8fffe6581d8c61b438428d19f3ca3b3a) Importer(2089858483,0ecaa5967403d082aa24f35e1b516d23) Generated GUIDs only implemented for interfaces!
 -> (artifact id: '38a8d2496ede273e38fba0005963cc31') in 0.047107 seconds
Number of updated asset objects reloaded before import = 0
Number of asset objects unloaded after import = 65
========================================================================
Received Import Request.
  Time since last request: 0.000068 seconds.
  path: Assets/Lowpoly Nature & Village Pack/PreMade Materials/BuildingWalls.mat
  artifactKey: Guid(9769c5a560242c04f80065c084dbbfdc) Importer(2089858483,0ecaa5967403d082aa24f35e1b516d23)
Start importing Assets/Lowpoly Nature & Village Pack/PreMade Materials/BuildingWalls.mat using Guid(9769c5a560242c04f80065c084dbbfdc) Importer(2089858483,0ecaa5967403d082aa24f35e1b516d23) Generated GUIDs only implemented for interfaces!
 -> (artifact id: '4a50b802cf68587ec13e2bff793510dd') in 0.026396 seconds
Number of updated asset objects reloaded before import = 0
Number of asset objects unloaded after import = 1
========================================================================
Received Import Request.
  Time since last request: 0.000025 seconds.
  path: Assets/Lowpoly Nature & Village Pack/Demo Scene.unity
  artifactKey: Guid(9488b6a8cf3270c4bb2560583212e8b9) Importer(2089858483,0ecaa5967403d082aa24f35e1b516d23)
Start importing Assets/Lowpoly Nature & Village Pack/Demo Scene.unity using Guid(9488b6a8cf3270c4bb2560583212e8b9) Importer(2089858483,0ecaa5967403d082aa24f35e1b516d23) Generated GUIDs only implemented for interfaces!
 -> (artifact id: '71760f9ad384ae1fc202d4230d4a19c9') in 0.022752 seconds
Number of updated asset objects reloaded before import = 0
Number of asset objects unloaded after import = 1
========================================================================
Received Import Request.
  Time since last request: 0.000029 seconds.
  path: Assets/Lowpoly Nature & Village Pack/PreMade Materials/BuildingWood.mat
  artifactKey: Guid(b050f9bf27df7a6478e3abd3070b59f6) Importer(2089858483,0ecaa5967403d082aa24f35e1b516d23)
Start importing Assets/Lowpoly Nature & Village Pack/PreMade Materials/BuildingWood.mat using Guid(b050f9bf27df7a6478e3abd3070b59f6) Importer(2089858483,0ecaa5967403d082aa24f35e1b516d23) Generated GUIDs only implemented for interfaces!
 -> (artifact id: '519a0e5188bd394a09f12b69a0cf2e05') in 0.030993 seconds
Number of updated asset objects reloaded before import = 0
Number of asset objects unloaded after import = 1
========================================================================
Received Import Request.
  Time since last request: 0.000093 seconds.
  path: Assets/Lowpoly Nature & Village Pack/3D Models/Terrain3.fbx
  artifactKey: Guid(5a2059f4af7bde749ae70abac27cd230) Importer(2089858483,0ecaa5967403d082aa24f35e1b516d23)
Start importing Assets/Lowpoly Nature & Village Pack/3D Models/Terrain3.fbx using Guid(5a2059f4af7bde749ae70abac27cd230) Importer(2089858483,0ecaa5967403d082aa24f35e1b516d23) Generated GUIDs only implemented for interfaces!
 -> (artifact id: 'd582096fe6ff29de8f9dbe2937499174') in 0.041394 seconds
Number of updated asset objects reloaded before import = 0
Number of asset objects unloaded after import = 15
========================================================================
Received Import Request.
  Time since last request: 0.000071 seconds.
  path: Assets/Lowpoly Nature & Village Pack/3D Models/Tree1.fbx
  artifactKey: Guid(4bef63f6f9e85fe448d6c02ee0c9c1c7) Importer(2089858483,0ecaa5967403d082aa24f35e1b516d23)
Start importing Assets/Lowpoly Nature & Village Pack/3D Models/Tree1.fbx using Guid(4bef63f6f9e85fe448d6c02ee0c9c1c7) Importer(2089858483,0ecaa5967403d082aa24f35e1b516d23) Generated GUIDs only implemented for interfaces!
 -> (artifact id: '6b387eee2e11582024f7f924fbfffded') in 0.044595 seconds
Number of updated asset objects reloaded before import = 0
Number of asset objects unloaded after import = 16
========================================================================
Received Import Request.
  Time since last request: 0.000026 seconds.
  path: Assets/Lowpoly Nature & Village Pack/PreMade Materials/Potato.mat
  artifactKey: Guid(663bdcfe0b0527c4ba7c201d1abc9359) Importer(2089858483,0ecaa5967403d082aa24f35e1b516d23)
Start importing Assets/Lowpoly Nature & Village Pack/PreMade Materials/Potato.mat using Guid(663bdcfe0b0527c4ba7c201d1abc9359) Importer(2089858483,0ecaa5967403d082aa24f35e1b516d23) Generated GUIDs only implemented for interfaces!
 -> (artifact id: '60f753b6da2dbbcc09b977cfcb3fc55c') in 0.025679 seconds
Number of updated asset objects reloaded before import = 0
Number of asset objects unloaded after import = 1
========================================================================
Received Import Request.
  Time since last request: 0.000073 seconds.
  path: Assets/Lowpoly Nature & Village Pack/PreMade Materials/Carrot.mat
  artifactKey: Guid(89da40298c3f4fd46933b23e39c7d0ac) Importer(2089858483,0ecaa5967403d082aa24f35e1b516d23)
Start importing Assets/Lowpoly Nature & Village Pack/PreMade Materials/Carrot.mat using Guid(89da40298c3f4fd46933b23e39c7d0ac) Importer(2089858483,0ecaa5967403d082aa24f35e1b516d23) Generated GUIDs only implemented for interfaces!
 -> (artifact id: 'c8ab804b24132bae71d7545c217c30e9') in 0.034951 seconds
Number of updated asset objects reloaded before import = 0
Number of asset objects unloaded after import = 1
========================================================================
Received Import Request.
  Time since last request: 0.000038 seconds.
  path: Assets/Lowpoly Nature & Village Pack/3D Models/Terrain2.fbx
  artifactKey: Guid(c4ef56aea4bfc5245be5902a244f9e1b) Importer(2089858483,0ecaa5967403d082aa24f35e1b516d23)
Start importing Assets/Lowpoly Nature & Village Pack/3D Models/Terrain2.fbx using Guid(c4ef56aea4bfc5245be5902a244f9e1b) Importer(2089858483,0ecaa5967403d082aa24f35e1b516d23) Generated GUIDs only implemented for interfaces!
 -> (artifact id: '2fcbc1906a5e1959f42e288cef5caf54') in 0.041477 seconds
Number of updated asset objects reloaded before import = 0
Number of asset objects unloaded after import = 15
========================================================================
Received Import Request.
  Time since last request: 0.000076 seconds.
  path: Assets/Lowpoly Nature & Village Pack/Prefabs/Flower.prefab
  artifactKey: Guid(65da10d1209ab934dafe38c5a1208ced) Importer(2089858483,0ecaa5967403d082aa24f35e1b516d23)
Start importing Assets/Lowpoly Nature & Village Pack/Prefabs/Flower.prefab using Guid(65da10d1209ab934dafe38c5a1208ced) Importer(2089858483,0ecaa5967403d082aa24f35e1b516d23) Generated GUIDs only implemented for interfaces!
 -> (artifact id: 'b2cab39eaa533583872bb8b34d93ef71') in 0.048403 seconds
Number of updated asset objects reloaded before import = 0
Number of asset objects unloaded after import = 25
========================================================================
Received Import Request.
  Time since last request: 0.000030 seconds.
  path: Assets/Lowpoly Nature & Village Pack/3D Models/GrassPatchLarge.fbx
  artifactKey: Guid(53faa61bc69771c4a8a13d86799fbedb) Importer(2089858483,0ecaa5967403d082aa24f35e1b516d23)
Start importing Assets/Lowpoly Nature & Village Pack/3D Models/GrassPatchLarge.fbx using Guid(53faa61bc69771c4a8a13d86799fbedb) Importer(2089858483,0ecaa5967403d082aa24f35e1b516d23) Generated GUIDs only implemented for interfaces!
 -> (artifact id: '2fa052ddc735d1aea277ac1c848aaef4') in 0.048339 seconds
Number of updated asset objects reloaded before import = 0
Number of asset objects unloaded after import = 8
========================================================================
Received Import Request.
  Time since last request: 0.000121 seconds.
  path: Assets/Lowpoly Nature & Village Pack/PreMade Materials/BuildingRocks.mat
  artifactKey: Guid(1ba670f619965c6489145f745bf0678c) Importer(2089858483,0ecaa5967403d082aa24f35e1b516d23)
Start importing Assets/Lowpoly Nature & Village Pack/PreMade Materials/BuildingRocks.mat using Guid(1ba670f619965c6489145f745bf0678c) Importer(2089858483,0ecaa5967403d082aa24f35e1b516d23) Generated GUIDs only implemented for interfaces!
 -> (artifact id: '3a6dffa64c494a9801fef4071264e79c') in 0.024275 seconds
Number of updated asset objects reloaded before import = 0
Number of asset objects unloaded after import = 1
========================================================================
Received Import Request.
  Time since last request: 0.000048 seconds.
  path: Assets/Lowpoly Nature & Village Pack/Prefabs/WaterPond.prefab
  artifactKey: Guid(340c1e8bd6d5c8c439f37f85e55bd6e3) Importer(2089858483,0ecaa5967403d082aa24f35e1b516d23)
Start importing Assets/Lowpoly Nature & Village Pack/Prefabs/WaterPond.prefab using Guid(340c1e8bd6d5c8c439f37f85e55bd6e3) Importer(2089858483,0ecaa5967403d082aa24f35e1b516d23) Generated GUIDs only implemented for interfaces!
 -> (artifact id: 'd0d3b44435756826a46085826a91e62a') in 0.045850 seconds
Number of updated asset objects reloaded before import = 0
Number of asset objects unloaded after import = 15
========================================================================
Received Import Request.
  Time since last request: 0.000043 seconds.
  path: Assets/Lowpoly Nature & Village Pack/Prefabs/TreeStump.prefab
  artifactKey: Guid(4e0b065858820f847babd07d0b5ad7df) Importer(2089858483,0ecaa5967403d082aa24f35e1b516d23)
Start importing Assets/Lowpoly Nature & Village Pack/Prefabs/TreeStump.prefab using Guid(4e0b065858820f847babd07d0b5ad7df) Importer(2089858483,0ecaa5967403d082aa24f35e1b516d23) Generated GUIDs only implemented for interfaces!
 -> (artifact id: 'adfcab312f1c87d19becdc3db5a4350e') in 0.049373 seconds
Number of updated asset objects reloaded before import = 0
Number of asset objects unloaded after import = 8
========================================================================
Received Import Request.
  Time since last request: 0.000041 seconds.
  path: Assets/Lowpoly Nature & Village Pack/PreMade Materials/Sand.mat
  artifactKey: Guid(1d72c5d072c4bd64fae56ee6dd57bfd9) Importer(2089858483,0ecaa5967403d082aa24f35e1b516d23)
Start importing Assets/Lowpoly Nature & Village Pack/PreMade Materials/Sand.mat using Guid(1d72c5d072c4bd64fae56ee6dd57bfd9) Importer(2089858483,0ecaa5967403d082aa24f35e1b516d23) Generated GUIDs only implemented for interfaces!
 -> (artifact id: 'ed1de8c40180b0c25ebca85ed641a339') in 0.037460 seconds
Number of updated asset objects reloaded before import = 0
Number of asset objects unloaded after import = 1
========================================================================
Received Import Request.
  Time since last request: 0.000117 seconds.
  path: Assets/Scenes/SampleScene.unity
  artifactKey: Guid(9fc0d4010bbf28b4594072e72b8655ab) Importer(2089858483,0ecaa5967403d082aa24f35e1b516d23)
Start importing Assets/Scenes/SampleScene.unity using Guid(9fc0d4010bbf28b4594072e72b8655ab) Importer(2089858483,0ecaa5967403d082aa24f35e1b516d23) Generated GUIDs only implemented for interfaces!
 -> (artifact id: '9a5fddb0a97f423d2252777a648f3bc1') in 0.024622 seconds
Number of updated asset objects reloaded before import = 0
Number of asset objects unloaded after import = 1
========================================================================
Received Import Request.
  Time since last request: 0.000081 seconds.
  path: Assets/4WD arduino buggy v1.fbx
  artifactKey: Guid(5d5af9ef508b1304b9486a0cbfe04aa2) Importer(2089858483,0ecaa5967403d082aa24f35e1b516d23)
Start importing Assets/4WD arduino buggy v1.fbx using Guid(5d5af9ef508b1304b9486a0cbfe04aa2) Importer(2089858483,0ecaa5967403d082aa24f35e1b516d23) Generated GUIDs only implemented for interfaces!
 -> (artifact id: 'e35dafe5018cb1b963cf4253827e0339') in 0.159351 seconds
Number of updated asset objects reloaded before import = 0
Number of asset objects unloaded after import = 539
========================================================================
Received Import Request.
  Time since last request: 0.000030 seconds.
  path: Assets/Lowpoly Nature & Village Pack/PreMade Materials/Grass.mat
  artifactKey: Guid(59440e0326d3ab743badbf16e9ef5b0b) Importer(2089858483,0ecaa5967403d082aa24f35e1b516d23)
Start importing Assets/Lowpoly Nature & Village Pack/PreMade Materials/Grass.mat using Guid(59440e0326d3ab743badbf16e9ef5b0b) Importer(2089858483,0ecaa5967403d082aa24f35e1b516d23) Generated GUIDs only implemented for interfaces!
 -> (artifact id: 'aecc9985496e05d32ca48ab35c6d30ac') in 0.032073 seconds
Number of updated asset objects reloaded before import = 0
Number of asset objects unloaded after import = 1
========================================================================
Received Import Request.
  Time since last request: 0.000068 seconds.
  path: Assets/Lowpoly Nature & Village Pack/3D Models/Terrain1.fbx
  artifactKey: Guid(9a3ab1b3e1afaa24e8b5126fe74ee125) Importer(2089858483,0ecaa5967403d082aa24f35e1b516d23)
Start importing Assets/Lowpoly Nature & Village Pack/3D Models/Terrain1.fbx using Guid(9a3ab1b3e1afaa24e8b5126fe74ee125) Importer(2089858483,0ecaa5967403d082aa24f35e1b516d23) Generated GUIDs only implemented for interfaces!
 -> (artifact id: 'bba3265b3823b825d9129c587f1e5b9d') in 0.047657 seconds
Number of updated asset objects reloaded before import = 0
Number of asset objects unloaded after import = 15
========================================================================
Received Import Request.
  Time since last request: 0.000049 seconds.
  path: Assets/Lowpoly Nature & Village Pack/PreMade Materials/Water.mat
  artifactKey: Guid(48bfe4b6b4a8f714dbb2075ab4b71bd6) Importer(2089858483,0ecaa5967403d082aa24f35e1b516d23)
Start importing Assets/Lowpoly Nature & Village Pack/PreMade Materials/Water.mat using Guid(48bfe4b6b4a8f714dbb2075ab4b71bd6) Importer(2089858483,0ecaa5967403d082aa24f35e1b516d23) Generated GUIDs only implemented for interfaces!
 -> (artifact id: '2a87d26b07f9478357ab010d3c5a3044') in 0.031528 seconds
Number of updated asset objects reloaded before import = 0
Number of asset objects unloaded after import = 1
========================================================================
Received Import Request.
  Time since last request: 0.000104 seconds.
  path: Assets/Lowpoly Nature & Village Pack/PreMade Materials/Tree Colour1.mat
  artifactKey: Guid(3657c390226272c49bdae0507bd6d933) Importer(2089858483,0ecaa5967403d082aa24f35e1b516d23)
Start importing Assets/Lowpoly Nature & Village Pack/PreMade Materials/Tree Colour1.mat using Guid(3657c390226272c49bdae0507bd6d933) Importer(2089858483,0ecaa5967403d082aa24f35e1b516d23) Generated GUIDs only implemented for interfaces!
 -> (artifact id: '2ae0ca6edc41d45cdeffaf0ba8d342b7') in 0.027495 seconds
Number of updated asset objects reloaded before import = 0
Number of asset objects unloaded after import = 1
========================================================================
Received Import Request.
  Time since last request: 0.000053 seconds.
  path: Assets/Lowpoly Nature & Village Pack/Prefabs/Rock1.prefab
  artifactKey: Guid(087f374688268d546967a6f5ad5f3890) Importer(2089858483,0ecaa5967403d082aa24f35e1b516d23)
Start importing Assets/Lowpoly Nature & Village Pack/Prefabs/Rock1.prefab using Guid(087f374688268d546967a6f5ad5f3890) Importer(2089858483,0ecaa5967403d082aa24f35e1b516d23) Generated GUIDs only implemented for interfaces!
 -> (artifact id: '449dbf8384426d723d3186ec2529971e') in 0.046178 seconds
Number of updated asset objects reloaded before import = 0
Number of asset objects unloaded after import = 8
========================================================================
Received Import Request.
  Time since last request: 0.000083 seconds.
  path: Assets/Lowpoly Nature & Village Pack/Prefabs/GrassPatchLarge.prefab
  artifactKey: Guid(37b2e414ad36ed349a37ff45c33ec5c5) Importer(2089858483,0ecaa5967403d082aa24f35e1b516d23)
Start importing Assets/Lowpoly Nature & Village Pack/Prefabs/GrassPatchLarge.prefab using Guid(37b2e414ad36ed349a37ff45c33ec5c5) Importer(2089858483,0ecaa5967403d082aa24f35e1b516d23) Generated GUIDs only implemented for interfaces!
 -> (artifact id: '79844407db2967183fecae19e12939bc') in 0.039035 seconds
Number of updated asset objects reloaded before import = 0
Number of asset objects unloaded after import = 8
========================================================================
Received Import Request.
  Time since last request: 0.000089 seconds.
  path: Assets/Lowpoly Nature & Village Pack/Prefabs/Path.prefab
  artifactKey: Guid(547913ca2f2ef544f941992d3e31c854) Importer(2089858483,0ecaa5967403d082aa24f35e1b516d23)
Start importing Assets/Lowpoly Nature & Village Pack/Prefabs/Path.prefab using Guid(547913ca2f2ef544f941992d3e31c854) Importer(2089858483,0ecaa5967403d082aa24f35e1b516d23) Generated GUIDs only implemented for interfaces!
 -> (artifact id: 'f393213645b980b513889bf3294e3e75') in 0.045430 seconds
Number of updated asset objects reloaded before import = 0
Number of asset objects unloaded after import = 8
========================================================================
Received Import Request.
  Time since last request: 0.000030 seconds.
  path: Assets/Lowpoly Nature & Village Pack/Prefabs/Tree4.prefab
  artifactKey: Guid(e409369781974684095924fc5a1fce2e) Importer(2089858483,0ecaa5967403d082aa24f35e1b516d23)
Start importing Assets/Lowpoly Nature & Village Pack/Prefabs/Tree4.prefab using Guid(e409369781974684095924fc5a1fce2e) Importer(2089858483,0ecaa5967403d082aa24f35e1b516d23) Generated GUIDs only implemented for interfaces!
 -> (artifact id: '40db4c41f3a78eebbdefdda28f88f5c2') in 0.030459 seconds
Number of updated asset objects reloaded before import = 0
Number of asset objects unloaded after import = 15
========================================================================
Received Import Request.
  Time since last request: 0.000111 seconds.
  path: Assets/Lowpoly Nature & Village Pack/Prefabs/CarrotFarm.prefab
  artifactKey: Guid(eb895d0397b02ff43a9a4b9142fc7ad8) Importer(2089858483,0ecaa5967403d082aa24f35e1b516d23)
Start importing Assets/Lowpoly Nature & Village Pack/Prefabs/CarrotFarm.prefab using Guid(eb895d0397b02ff43a9a4b9142fc7ad8) Importer(2089858483,0ecaa5967403d082aa24f35e1b516d23) Generated GUIDs only implemented for interfaces!
 -> (artifact id: '1ca4bc68812f4ce8b1c1d1562f252088') in 0.048905 seconds
Number of updated asset objects reloaded before import = 0
Number of asset objects unloaded after import = 110
========================================================================
Received Prepare
Refreshing native plugins compatible for Editor in 5.43 ms, found 3 plugins.
Preloading 0 native plugins for Editor in 0.00 ms.
Unloading 1 Unused Serialized files (Serialized files now loaded: 0)
Unloading 2 unused Assets / (42.4 KB). Loaded Objects now: 4311.
Memory consumption went from 82.2 MB to 82.2 MB.
Total: 6.967200 ms (FindLiveObjects: 0.920300 ms CreateObjectMapping: 0.273500 ms MarkObjects: 5.605000 ms  DeleteObjects: 0.165700 ms)

Prepare: number of updated asset objects reloaded= 0
AssetImportParameters requested are different than current active one (requested -> active):
  custom:container-demuxer-ogg: 62fdf1f143b41e24485cea50d1cbac27 -> 
  custom:video-decoder-ogg-theora: a1e56fd34408186e4bbccfd4996cb3dc -> 
  custom:framework-win-MediaFoundation: 216162199b28c13a410421893ffa2e32 -> 
  custom:CustomObjectIndexerAttribute: 43b350a4d6e6d1791af0b5038c4bea17 -> 
  custom:container-demuxer-webm: 4f35f7cbe854078d1ac9338744f61a02 -> 
  custom:container-muxer-webm: aa71ff27fc2769a1b78a27578f13a17b -> 
  custom:video-decoder-webm-vp8: 9c59270c3fd7afecdb556c50c9e8de78 -> 
  custom:SearchIndexIgnoredProperties: e643bd26f0fe6173181afceb89e7c659 -> 
  custom:AudioImporter_EditorPlatform: d09bf68614088b80899f8185d706f6e7 -> 
  custom:video-encoder-webm-vp8: eb34c28f22e8b96e1ab97ce403110664 -> 
  custom:audio-decoder-ogg-vorbis: bf7c407c2cedff20999df2af8eb42d56 -> 
  custom:audio-encoder-webm-vorbis: bf7c407c2cedff20999df2af8eb42d56 -> 
========================================================================
Received Prepare
Refreshing native plugins compatible for Editor in 5.12 ms, found 3 plugins.
Preloading 0 native plugins for Editor in 0.00 ms.
Unloading 2 Unused Serialized files (Serialized files now loaded: 0)
Unloading 2 unused Assets / (68.7 KB). Loaded Objects now: 4311.
Memory consumption went from 82.5 MB to 82.4 MB.
Total: 5.265200 ms (FindLiveObjects: 0.444900 ms CreateObjectMapping: 0.125200 ms MarkObjects: 4.496500 ms  DeleteObjects: 0.196500 ms)

Prepare: number of updated asset objects reloaded= 0
AssetImportParameters requested are different than current active one (requested -> active):
  custom:container-demuxer-ogg: 62fdf1f143b41e24485cea50d1cbac27 -> 
  custom:video-decoder-ogg-theora: a1e56fd34408186e4bbccfd4996cb3dc -> 
  custom:framework-win-MediaFoundation: 216162199b28c13a410421893ffa2e32 -> 
  custom:CustomObjectIndexerAttribute: 43b350a4d6e6d1791af0b5038c4bea17 -> 
  custom:container-demuxer-webm: 4f35f7cbe854078d1ac9338744f61a02 -> 
  custom:container-muxer-webm: aa71ff27fc2769a1b78a27578f13a17b -> 
  custom:video-decoder-webm-vp8: 9c59270c3fd7afecdb556c50c9e8de78 -> 
  custom:SearchIndexIgnoredProperties: e643bd26f0fe6173181afceb89e7c659 -> 
  custom:AudioImporter_EditorPlatform: d09bf68614088b80899f8185d706f6e7 -> 
  custom:video-encoder-webm-vp8: eb34c28f22e8b96e1ab97ce403110664 -> 
  custom:audio-decoder-ogg-vorbis: bf7c407c2cedff20999df2af8eb42d56 -> 
  custom:audio-encoder-webm-vorbis: bf7c407c2cedff20999df2af8eb42d56 -> 
Editor requested this worker to shutdown with reason: Scaling down because of idle timeout
TcpMessagingSession - receive error
AssetImportWorkerClient::OnTransportError - code=2 error=End of file
AssetImportWorker is now disconnected from the server
Process exiting
Exiting without the bug reporter. Application will terminate with return code 0